<?xml version="1.0" encoding="utf-8"?><testsuites name="pytest tests"><testsuite name="pytest" errors="0" failures="1" skipped="0" tests="25" time="18.763" timestamp="2026-08-16T15:31:36.053295+00:00" hostname="agent-env-d701f45f-52c9-4ea9-ba9f-400ecc1d6278"><testcase classname="tests.test_wasteflow_api.TestAuth" name="test_health" time="0.204" /><testcase classname="tests.test_wasteflow_api.TestAuth" name="test_login_all_roles" time="2.402" /><testcase classname="tests.test_wasteflow_api.TestDriverFlow" name="test_mine_today" time="0.658" /><testcase classname="tests.test_wasteflow_api.TestDriverFlow" name="test_complete_geofence_violation" time="0.681" /><testcase classname="tests.test_wasteflow_api.TestDriverFlow" name="test_complete_ok_and_idempotent" time="0.573" /><testcase classname="tests.test_wasteflow_api.TestDriverFlow" name="test_fail_creates_incident" time="1.165" /><testcase classname="tests.test_wasteflow_api.TestAuth" name="test_login_invalid_password" time="0.391" /><testcase classname="tests.test_wasteflow_api.TestDriverFlow" name="test_ignore" time="0.371" /><testcase classname="tests.test_wasteflow_api.TestAuth" name="test_me" time="0.556" /><testcase classname="tests.test_wasteflow_api.TestDriverFlow" name="test_driver_cannot_complete_others_task" time="0.627" /><testcase classname="tests.test_wasteflow_api.TestTenantIsolation" name="test_vehicles_isolated" time="0.574" /><testcase classname="tests.test_wasteflow_api.TestRoutes" name="test_list_and_detail" time="0.278" /><testcase classname="tests.test_wasteflow_api.TestTenantIsolation" name="test_containers_isolated" time="0.299" /><testcase classname="tests.test_wasteflow_api.TestRoutes" name="test_optimize_creates_routes" time="0.819" /><testcase classname="tests.test_wasteflow_api.TestTenantIsolation" name="test_routes_isolated" time="0.863" /><testcase classname="tests.test_wasteflow_api.TestRoutes" name="test_reoptimize" time="0.753" /><testcase classname="tests.test_wasteflow_api.TestIncidents" name="test_list" time="0.601" /><testcase classname="tests.test_wasteflow_api.TestContainers" name="test_list_and_filter" time="0.465" /><testcase classname="tests.test_wasteflow_api.TestIncidents" name="test_customer_creates" time="0.487" /><testcase classname="tests.test_wasteflow_api.TestIncidents" name="test_status_transition" time="0.371" /><testcase classname="tests.test_wasteflow_api.TestContainers" name="test_detail_history" time="0.273" /><testcase classname="tests.test_wasteflow_api.TestGPS" name="test_gps_live_moves" time="7.284" /><testcase classname="tests.test_wasteflow_api.TestDashboard" name="test_dashboard_kpis" time="0.119" /><testcase classname="tests.test_wasteflow_api.TestAnalyticsStats" name="test_stats" time="0.123" /><testcase classname="tests.test_wasteflow_api.TestAI" name="test_ai_ask" time="4.488"><failure message="AssertionError: assert 'resumo' in {'viaturas_total': 8, 'viaturas_em_rota': 6, 'recolhas_hoje': 280, 'concluidas': 29, ...}&#10; +  where {'viaturas_total': 8, 'viaturas_em_rota': 6, 'recolhas_hoje': 280, 'concluidas': 29, ...} = &lt;built-in method get of dict object at 0xfa1797d34280&gt;('context_summary', {})&#10; +    where &lt;built-in method get of dict object at 0xfa1797d34280&gt; = {'answer': '## Recolhas de Hoje — 16 de agosto de 2026\n\nDo total de **280 recolhas** programadas para hoje:\n\n| Estado | Quantidade |\n|---|---|\n| ✅ Concluídas | 29 |\n| ❌ Falhadas | 5 |\n| 🕐 Pendentes | 245 |\n\nA operação está em curso, com **6 viaturas em rota** de 8 disponíveis.', 'context_summary': {'viaturas_total': 8, 'viaturas_em_rota': 6, 'recolhas_hoje': 280, 'concluidas': 29, ...}}.get">tests/test_wasteflow_api.py:269: in test_ai_ask
    assert "resumo" in d.get("context_summary", {})
E   AssertionError: assert 'resumo' in {'viaturas_total': 8, 'viaturas_em_rota': 6, 'recolhas_hoje': 280, 'concluidas': 29, ...}
E    +  where {'viaturas_total': 8, 'viaturas_em_rota': 6, 'recolhas_hoje': 280, 'concluidas': 29, ...} = &lt;built-in method get of dict object at 0xfa1797d34280&gt;('context_summary', {})
E    +    where &lt;built-in method get of dict object at 0xfa1797d34280&gt; = {'answer': '## Recolhas de Hoje — 16 de agosto de 2026\n\nDo total de **280 recolhas** programadas para hoje:\n\n| Estado | Quantidade |\n|---|---|\n| ✅ Concluídas | 29 |\n| ❌ Falhadas | 5 |\n| 🕐 Pendentes | 245 |\n\nA operação está em curso, com **6 viaturas em rota** de 8 disponíveis.', 'context_summary': {'viaturas_total': 8, 'viaturas_em_rota': 6, 'recolhas_hoje': 280, 'concluidas': 29, ...}}.get</failure></testcase></testsuite></testsuites>